\BOOKMARK [1][-]{section*.3}{\376\377\000D\000A\000N\000H\000\040\000M\036\344\000C\000\040\000H\000\314\000N\000H\000\040\036\242\000N\000H}{}% 1
\BOOKMARK [1][-]{section*.4}{\376\377\000D\000A\000N\000H\000\040\000M\036\344\000C\000\040\000B\036\242\000N\000G\000\040\000B\000I\036\302\000U}{}% 2
\BOOKMARK [1][-]{section*.7}{\376\377\000L\036\334\000I\000\040\000M\036\336\000\040\001\020\036\246\000U}{}% 3
\BOOKMARK [2][-]{section*.8}{\376\377\0001\000.\000\040\000T\036\325\000n\000g\000\040\000q\000u\000a\000n}{section*.7}% 4
\BOOKMARK [3][-]{section*.9}{\376\377\0001\000.\0001\000.\000\040\000T\036\325\000n\000g\000\040\000q\000u\000a\000n\000\040\000v\036\301\000\040\000V\000O\000C\000s}{section*.8}% 5
\BOOKMARK [3][-]{section*.13}{\376\377\0001\000.\0002\000.\000\040\000Q\000u\000\341\000\040\000t\000r\000\354\000n\000h\000\040\000o\000x\000i\000\040\000h\000o\000\341\000\040\000x\000\372\000c\000\040\000t\000\341\000c}{section*.8}% 6
\BOOKMARK [3][-]{section*.19}{\376\377\0001\000.\0003\000.\000\040\000P\000h\001\260\001\241\000n\000g\000\040\000p\000h\000\341\000p\000\040\000h\036\245\000p\000\040\000p\000h\036\345}{section*.8}% 7
\BOOKMARK [3][-]{section*.21}{\376\377\0001\000.\0004\000.\000\040\000C\000\341\000c\000\040\000t\000h\000\340\000n\000h\000\040\000p\000h\036\247\000n\000\040\000k\000h\000\341\000c}{section*.8}% 8
\BOOKMARK [2][-]{section*.24}{\376\377\0002\000.\000\040\000Q\000u\000y\000\040\000t\000r\000\354\000n\000h}{section*.7}% 9
\BOOKMARK [3][-]{section*.25}{\376\377\0002\000.\0001\000.\000\040\000Q\000u\000y\000\040\000t\000r\000\354\000n\000h\000\040\000t\036\241\000o\000\040\000t\000h\000\340\000n\000h\000\040\000C\000u\000-\000O\000M\000S\000-\0002}{section*.24}% 10
\BOOKMARK [3][-]{section*.28}{\376\377\0002\000.\0002\000.\000\040\000Q\000u\000y\000\040\000t\000r\000\354\000n\000h\000\040\000t\036\325\000n\000g\000\040\000h\036\343\000p\000\040\000M\000i\000c\000r\000o\000c\000r\000y\000s\000t\000a\000l\000l\000i\000n\000e\000\040\000C\000e\000l\000l\000u\000l\000o\000s\000e\000\040\000\050\000M\000C\000C\000\051\000\040\000t\036\353\000\040\000C\000e\000l\000l\000u\000l\000o\000s\000e}{section*.24}% 11
\BOOKMARK [3][-]{section*.31}{\376\377\0002\000.\0003\000.\000\040\000Q\000u\000y\000\040\000t\000r\000\354\000n\000h\000\040\000t\036\241\000o\000\040\000m\000\340\000n\000g\000\040\000c\000h\000i\000t\000o\000s\000a\000n\000\040\000b\000i\036\277\000n\000\040\000t\000\355\000n\000h\000\040\000v\036\333\000i\000\040\000C\000u\000-\000O\000M\000S\000-\0002}{section*.24}% 12
\BOOKMARK [3][-]{section*.34}{\376\377\0002\000.\0004\000.\000\040\000X\000\341\000c\000\040\001\021\036\313\000n\000h\000\040\000n\036\323\000n\000g\000\040\001\021\036\331\000\040\000a\000c\000e\000t\000o\000n\000e\000\040\001\021\036\247\000u\000\040\000v\000\340\000o\000\040\000h\036\307\000\040\000t\000h\036\321\000n\000g\000\040\000k\000h\000\355}{section*.24}% 13
\BOOKMARK [2][-]{section*.41}{\376\377\0003\000.\000\040\001\020\000\341\000n\000h\000\040\000g\000i\000\341\000\040\000x\000\372\000c\000\040\000t\000\341\000c}{section*.7}% 14
\BOOKMARK [3][-]{section*.42}{\376\377\0003\000.\0001\000.\000\040\000X\000-\000r\000a\000y\000\040\000d\000i\000f\000f\000r\000a\000c\000t\000i\000o\000n\000\040\000\050\000X\000R\000D\000\051}{section*.41}% 15
\BOOKMARK [3][-]{section*.44}{\376\377\0003\000.\0002\000.\000\040\000S\000c\000a\000n\000n\000i\000n\000g\000\040\000e\000l\000e\000c\000t\000r\000o\000n\000\040\000m\000i\000c\000r\000o\000s\000c\000o\000p\000y\000\040\000\050\000S\000E\000M\000\051}{section*.41}% 16
\BOOKMARK [3][-]{section*.46}{\376\377\0003\000.\0003\000.\000\040\000T\000h\000e\000r\000m\000o\000g\000r\000a\000v\000i\000m\000e\000t\000r\000i\000c\000\040\000a\000n\000a\000l\000y\000s\000i\000s\000\040\000\050\000T\000G\000A\000\051}{section*.41}% 17
\BOOKMARK [3][-]{section*.48}{\376\377\0003\000.\0004\000.\000\040\000P\000h\000\342\000n\000\040\000t\000\355\000c\000h\000\040\000n\000g\000u\000y\000\352\000n\000\040\000t\036\321}{section*.41}% 18
\BOOKMARK [3][-]{section*.50}{\376\377\0003\000.\0005\000.\000\040\000X\000\341\000c\000\040\001\021\036\313\000n\000h\000\040\000t\000r\036\241\000n\000g\000\040\000t\000h\000\341\000i\000\040\000o\000x\000y\000\040\000h\000o\000\341\000\040\000t\000r\000u\000n\000g\000\040\000b\000\354\000n\000h\000\040\000c\036\347\000a\000\040\000M\000a\000n\000g\000a\000n}{section*.41}% 19
\BOOKMARK [2][-]{section*.52}{\376\377\0004\000.\000\040\000K\036\277\000t\000\040\000q\000u\036\243\000\040\000v\000\340\000\040\000t\000h\036\243\000o\000\040\000l\000u\036\255\000n}{section*.7}% 20
\BOOKMARK [3][-]{section*.53}{\376\377\0004\000.\0001\000.\000\040\000K\036\277\000t\000\040\000q\000u\036\243}{section*.52}% 21
\BOOKMARK [3][-]{section*.61}{\376\377\0004\000.\0002\000.\000\040\000T\000h\036\243\000o\000\040\000l\000u\036\255\000n}{section*.52}% 22
\BOOKMARK [1][-]{section*.62}{\376\377\000K\036\276\000T\000\040\000L\000U\036\254\000N}{}% 23
\BOOKMARK [1][-]{section*.63}{\376\377\000T\000\300\000I\000\040\000L\000I\036\306\000U\000\040\000T\000H\000A\000M\000\040\000K\000H\036\242\000O}{}% 24
